[INFO] [2017-01-24 01:12:10.748] ConfigUtils <init> - Config Utils started
[INFO] [2017-01-24 01:12:10.750] ConfigUtils <init> - log factory initialized
[INFO] [2017-01-24 01:12:15.781] ConfigUtils <init> - /ENV-LOCAL/log.xml
[INFO] [2017-01-24 01:12:15.782] ConfigUtils <init> - Logging Enabled
[INFO] [2017-01-24 01:12:15.788] SqlSessionFactory <init> - initializing Sql Session Factory
[INFO] [2017-01-24 01:12:15.788] ConfigUtils <init> - Config Utils started
[INFO] [2017-01-24 01:12:15.963] Version logVersion - HHH000412: Hibernate Core {5.1.0.Final}
[INFO] [2017-01-24 01:12:15.966] Environment <clinit> - HHH000206: hibernate.properties not found
[INFO] [2017-01-24 01:12:15.967] Environment buildBytecodeProvider - HHH000021: Bytecode provider name : javassist
[INFO] [2017-01-24 01:12:16.416] Version <clinit> - HCANN000001: Hibernate Commons Annotations {5.0.1.Final}
[INFO] [2017-01-24 01:12:16.652] C3P0ConnectionProvider configure - HHH010002: C3P0 using driver: com.mysql.jdbc.Driver at URL: jdbc:mysql://localhost:3306/vedtest?autoReconnect=true
[INFO] [2017-01-24 01:12:16.653] C3P0ConnectionProvider configure - HHH10001001: Connection properties: {user=root, password=****}
[INFO] [2017-01-24 01:12:16.654] C3P0ConnectionProvider configure - HHH10001003: Autocommit mode: false
[INFO] [2017-01-24 01:12:21.823] C3P0ConnectionProvider configure - HHH10001007: JDBC isolation level: <unknown>
[INFO] [2017-01-24 01:12:22.209] Dialect <init> - HHH000400: Using dialect: org.hibernate.dialect.MySQL5InnoDBDialect
[INFO] [2017-01-24 01:12:22.262] LobCreatorBuilderImpl useContextualLobCreation - HHH000423: Disabling contextual LOB creation as JDBC driver reported JDBC version [3] less than 4
[INFO] [2017-01-24 01:12:25.835] ConfigUtils <init> - Config Utils started
[INFO] [2017-01-24 01:13:25.211] TopicController createTopic - createTopic Request:Topic [subject=null, concepts=null, topicProblemMappings=null, toString()=AbstractEntity [id=null, name=Chemical Bonding, state=null, creationDate=null, createdBy=1234, lastUpdatedDate=null, lastUpdatedBy=1234]]
[INFO] [2017-01-24 01:13:40.840] TopicController createTopic - createTopic Response:Topic [subject=null, concepts=null, topicProblemMappings=null, toString()=AbstractEntity [id=null, name=Chemical Bonding, state=null, creationDate=null, createdBy=1234, lastUpdatedDate=null, lastUpdatedBy=1234]]
[INFO] [2017-01-24 01:20:26.727] ConfigUtils <init> - Config Utils started
[INFO] [2017-01-24 01:20:26.728] ConfigUtils <init> - log factory initialized
[INFO] [2017-01-24 01:20:31.751] ConfigUtils <init> - /ENV-LOCAL/log.xml
[INFO] [2017-01-24 01:20:31.752] ConfigUtils <init> - Logging Enabled
[INFO] [2017-01-24 01:20:31.763] SqlSessionFactory <init> - initializing Sql Session Factory
[INFO] [2017-01-24 01:20:31.764] ConfigUtils <init> - Config Utils started
[INFO] [2017-01-24 01:20:31.975] Version logVersion - HHH000412: Hibernate Core {5.1.0.Final}
[INFO] [2017-01-24 01:20:31.977] Environment <clinit> - HHH000206: hibernate.properties not found
[INFO] [2017-01-24 01:20:31.979] Environment buildBytecodeProvider - HHH000021: Bytecode provider name : javassist
[INFO] [2017-01-24 01:20:32.862] Version <clinit> - HCANN000001: Hibernate Commons Annotations {5.0.1.Final}
[INFO] [2017-01-24 01:20:33.135] C3P0ConnectionProvider configure - HHH010002: C3P0 using driver: com.mysql.jdbc.Driver at URL: jdbc:mysql://localhost:3306/vedtest?autoReconnect=true
[INFO] [2017-01-24 01:20:33.136] C3P0ConnectionProvider configure - HHH10001001: Connection properties: {user=root, password=****}
[INFO] [2017-01-24 01:20:33.139] C3P0ConnectionProvider configure - HHH10001003: Autocommit mode: false
[INFO] [2017-01-24 01:20:38.319] C3P0ConnectionProvider configure - HHH10001007: JDBC isolation level: <unknown>
[INFO] [2017-01-24 01:20:38.635] Dialect <init> - HHH000400: Using dialect: org.hibernate.dialect.MySQL5InnoDBDialect
[INFO] [2017-01-24 01:20:38.684] LobCreatorBuilderImpl useContextualLobCreation - HHH000423: Disabling contextual LOB creation as JDBC driver reported JDBC version [3] less than 4
[INFO] [2017-01-24 01:20:42.548] ConfigUtils <init> - Config Utils started
[INFO] [2017-01-24 01:20:58.821] TopicController createTopic - createTopic Request:Topic [subject=null, concepts=null, topicProblemMappings=null, toString()=AbstractEntity [id=null, name=Chemical Bonding, state=null, creationDate=null, createdBy=1234, lastUpdatedDate=null, lastUpdatedBy=1234]]
[INFO] [2017-01-24 01:20:58.977] TopicController createTopic - createTopic Response:Topic [subject=null, concepts=null, topicProblemMappings=null, toString()=AbstractEntity [id=null, name=Chemical Bonding, state=null, creationDate=null, createdBy=1234, lastUpdatedDate=null, lastUpdatedBy=1234]]
[INFO] [2017-01-24 01:21:50.899] ConfigUtils <init> - Config Utils started
[INFO] [2017-01-24 01:21:50.900] ConfigUtils <init> - log factory initialized
[INFO] [2017-01-24 01:21:55.916] ConfigUtils <init> - /ENV-LOCAL/log.xml
[INFO] [2017-01-24 01:21:55.917] ConfigUtils <init> - Logging Enabled
[INFO] [2017-01-24 01:21:55.924] SqlSessionFactory <init> - initializing Sql Session Factory
[INFO] [2017-01-24 01:21:55.925] ConfigUtils <init> - Config Utils started
[INFO] [2017-01-24 01:21:56.116] Version logVersion - HHH000412: Hibernate Core {5.1.0.Final}
[INFO] [2017-01-24 01:21:56.120] Environment <clinit> - HHH000206: hibernate.properties not found
[INFO] [2017-01-24 01:21:56.122] Environment buildBytecodeProvider - HHH000021: Bytecode provider name : javassist
[INFO] [2017-01-24 01:21:56.448] Version <clinit> - HCANN000001: Hibernate Commons Annotations {5.0.1.Final}
[INFO] [2017-01-24 01:21:56.640] C3P0ConnectionProvider configure - HHH010002: C3P0 using driver: com.mysql.jdbc.Driver at URL: jdbc:mysql://localhost:3306/vedtest?autoReconnect=true
[INFO] [2017-01-24 01:21:56.642] C3P0ConnectionProvider configure - HHH10001001: Connection properties: {user=root, password=****}
[INFO] [2017-01-24 01:21:56.643] C3P0ConnectionProvider configure - HHH10001003: Autocommit mode: false
[INFO] [2017-01-24 01:22:01.790] C3P0ConnectionProvider configure - HHH10001007: JDBC isolation level: <unknown>
[INFO] [2017-01-24 01:22:02.378] Dialect <init> - HHH000400: Using dialect: org.hibernate.dialect.MySQL5InnoDBDialect
[INFO] [2017-01-24 01:22:02.448] LobCreatorBuilderImpl useContextualLobCreation - HHH000423: Disabling contextual LOB creation as JDBC driver reported JDBC version [3] less than 4
[INFO] [2017-01-24 01:22:06.386] ConfigUtils <init> - Config Utils started
[INFO] [2017-01-24 01:44:34.205] ConfigUtils <init> - Config Utils started
[INFO] [2017-01-24 01:44:34.206] ConfigUtils <init> - log factory initialized
[INFO] [2017-01-24 01:44:39.077] ConfigUtils <init> - Config Utils started
[INFO] [2017-01-24 01:44:39.078] ConfigUtils <init> - log factory initialized
[INFO] [2017-01-24 01:44:39.231] ConfigUtils <init> - /ENV-LOCAL/log.xml
[INFO] [2017-01-24 01:44:39.232] ConfigUtils <init> - Logging Enabled
[INFO] [2017-01-24 01:44:39.239] SqlSessionFactory <init> - initializing Sql Session Factory
[INFO] [2017-01-24 01:44:39.240] ConfigUtils <init> - Config Utils started
[INFO] [2017-01-24 01:44:39.442] Version logVersion - HHH000412: Hibernate Core {5.1.0.Final}
[INFO] [2017-01-24 01:44:39.447] Environment <clinit> - HHH000206: hibernate.properties not found
[INFO] [2017-01-24 01:44:39.450] Environment buildBytecodeProvider - HHH000021: Bytecode provider name : javassist
[INFO] [2017-01-24 01:44:40.197] Version <clinit> - HCANN000001: Hibernate Commons Annotations {5.0.1.Final}
[INFO] [2017-01-24 01:44:40.448] C3P0ConnectionProvider configure - HHH010002: C3P0 using driver: com.mysql.jdbc.Driver at URL: jdbc:mysql://localhost:3306/vedtest?autoReconnect=true
[INFO] [2017-01-24 01:44:40.449] C3P0ConnectionProvider configure - HHH10001001: Connection properties: {user=root, password=****}
[INFO] [2017-01-24 01:44:40.450] C3P0ConnectionProvider configure - HHH10001003: Autocommit mode: false
[INFO] [2017-01-24 01:44:44.095] ConfigUtils <init> - /ENV-LOCAL/log.xml
[INFO] [2017-01-24 01:44:44.095] ConfigUtils <init> - Logging Enabled
[INFO] [2017-01-24 01:44:44.099] SqlSessionFactory <init> - initializing Sql Session Factory
[INFO] [2017-01-24 01:44:44.101] ConfigUtils <init> - Config Utils started
[INFO] [2017-01-24 01:44:44.285] Version logVersion - HHH000412: Hibernate Core {5.1.0.Final}
[INFO] [2017-01-24 01:44:44.292] Environment <clinit> - HHH000206: hibernate.properties not found
[INFO] [2017-01-24 01:44:44.294] Environment buildBytecodeProvider - HHH000021: Bytecode provider name : javassist
[INFO] [2017-01-24 01:44:44.513] Version <clinit> - HCANN000001: Hibernate Commons Annotations {5.0.1.Final}
[INFO] [2017-01-24 01:44:44.607] C3P0ConnectionProvider configure - HHH010002: C3P0 using driver: com.mysql.jdbc.Driver at URL: jdbc:mysql://localhost:3306/vedtest?autoReconnect=true
[INFO] [2017-01-24 01:44:44.607] C3P0ConnectionProvider configure - HHH10001001: Connection properties: {user=root, password=****}
[INFO] [2017-01-24 01:44:44.607] C3P0ConnectionProvider configure - HHH10001003: Autocommit mode: false
[INFO] [2017-01-24 01:44:45.640] C3P0ConnectionProvider configure - HHH10001007: JDBC isolation level: <unknown>
[INFO] [2017-01-24 01:44:46.037] Dialect <init> - HHH000400: Using dialect: org.hibernate.dialect.MySQL5InnoDBDialect
[INFO] [2017-01-24 01:44:46.090] LobCreatorBuilderImpl useContextualLobCreation - HHH000423: Disabling contextual LOB creation as JDBC driver reported JDBC version [3] less than 4
[INFO] [2017-01-24 01:44:49.760] ConfigUtils <init> - Config Utils started
[INFO] [2017-01-24 01:44:49.764] C3P0ConnectionProvider configure - HHH10001007: JDBC isolation level: <unknown>
[INFO] [2017-01-24 01:44:50.174] Dialect <init> - HHH000400: Using dialect: org.hibernate.dialect.MySQL5InnoDBDialect
[INFO] [2017-01-24 01:44:50.247] LobCreatorBuilderImpl useContextualLobCreation - HHH000423: Disabling contextual LOB creation as JDBC driver reported JDBC version [3] less than 4
[INFO] [2017-01-24 01:44:54.889] ConfigUtils <init> - Config Utils started
[INFO] [2017-01-24 01:45:06.318] ConfigUtils <init> - Config Utils started
[INFO] [2017-01-24 01:45:06.320] ConfigUtils <init> - log factory initialized
[INFO] [2017-01-24 01:45:11.336] ConfigUtils <init> - /ENV-LOCAL/log.xml
[INFO] [2017-01-24 01:45:11.336] ConfigUtils <init> - Logging Enabled
[INFO] [2017-01-24 01:45:11.340] SqlSessionFactory <init> - initializing Sql Session Factory
[INFO] [2017-01-24 01:45:11.341] ConfigUtils <init> - Config Utils started
[INFO] [2017-01-24 01:45:11.452] Version logVersion - HHH000412: Hibernate Core {5.1.0.Final}
[INFO] [2017-01-24 01:45:11.454] Environment <clinit> - HHH000206: hibernate.properties not found
[INFO] [2017-01-24 01:45:11.455] Environment buildBytecodeProvider - HHH000021: Bytecode provider name : javassist
[INFO] [2017-01-24 01:45:11.651] Version <clinit> - HCANN000001: Hibernate Commons Annotations {5.0.1.Final}
[INFO] [2017-01-24 01:45:11.743] C3P0ConnectionProvider configure - HHH010002: C3P0 using driver: com.mysql.jdbc.Driver at URL: jdbc:mysql://localhost:3306/vedtest?autoReconnect=true
[INFO] [2017-01-24 01:45:11.744] C3P0ConnectionProvider configure - HHH10001001: Connection properties: {user=root, password=****}
[INFO] [2017-01-24 01:45:11.744] C3P0ConnectionProvider configure - HHH10001003: Autocommit mode: false
[INFO] [2017-01-24 01:45:16.834] C3P0ConnectionProvider configure - HHH10001007: JDBC isolation level: <unknown>
[INFO] [2017-01-24 01:45:17.114] Dialect <init> - HHH000400: Using dialect: org.hibernate.dialect.MySQL5InnoDBDialect
[INFO] [2017-01-24 01:45:17.149] LobCreatorBuilderImpl useContextualLobCreation - HHH000423: Disabling contextual LOB creation as JDBC driver reported JDBC version [3] less than 4
[INFO] [2017-01-24 01:45:18.855] ConfigUtils <init> - Config Utils started
[INFO] [2017-01-24 01:46:25.874] ConfigUtils <init> - Config Utils started
[INFO] [2017-01-24 01:46:25.876] ConfigUtils <init> - log factory initialized
[INFO] [2017-01-24 01:46:30.902] ConfigUtils <init> - /ENV-LOCAL/log.xml
[INFO] [2017-01-24 01:46:30.902] ConfigUtils <init> - Logging Enabled
[INFO] [2017-01-24 01:46:30.908] SqlSessionFactory <init> - initializing Sql Session Factory
[INFO] [2017-01-24 01:46:30.909] ConfigUtils <init> - Config Utils started
[INFO] [2017-01-24 01:46:31.077] Version logVersion - HHH000412: Hibernate Core {5.1.0.Final}
[INFO] [2017-01-24 01:46:31.081] Environment <clinit> - HHH000206: hibernate.properties not found
[INFO] [2017-01-24 01:46:31.083] Environment buildBytecodeProvider - HHH000021: Bytecode provider name : javassist
[INFO] [2017-01-24 01:46:31.618] Version <clinit> - HCANN000001: Hibernate Commons Annotations {5.0.1.Final}
[INFO] [2017-01-24 01:46:31.802] C3P0ConnectionProvider configure - HHH010002: C3P0 using driver: com.mysql.jdbc.Driver at URL: jdbc:mysql://localhost:3306/vedtest?autoReconnect=true
[INFO] [2017-01-24 01:46:31.802] C3P0ConnectionProvider configure - HHH10001001: Connection properties: {user=root, password=****}
[INFO] [2017-01-24 01:46:31.803] C3P0ConnectionProvider configure - HHH10001003: Autocommit mode: false
[INFO] [2017-01-24 01:46:36.990] C3P0ConnectionProvider configure - HHH10001007: JDBC isolation level: <unknown>
[INFO] [2017-01-24 01:46:37.357] Dialect <init> - HHH000400: Using dialect: org.hibernate.dialect.MySQL5InnoDBDialect
[INFO] [2017-01-24 01:46:37.408] LobCreatorBuilderImpl useContextualLobCreation - HHH000423: Disabling contextual LOB creation as JDBC driver reported JDBC version [3] less than 4
[INFO] [2017-01-24 01:46:41.591] ConfigUtils <init> - Config Utils started
[INFO] [2017-01-24 01:47:41.350] TopicController createTopic - createTopic Request:Topic [subject=null, concepts=null, topicProblemMappings=null, toString()=AbstractEntity [id=null, name=Chemical Bonding, state=null, creationDate=null, createdBy=1234, lastUpdatedDate=null, lastUpdatedBy=1234]]
[INFO] [2017-01-24 01:47:41.540] TopicController createTopic - createTopic Response:Topic [subject=null, concepts=null, topicProblemMappings=null, toString()=AbstractEntity [id=null, name=Chemical Bonding, state=null, creationDate=null, createdBy=1234, lastUpdatedDate=null, lastUpdatedBy=1234]]
[INFO] [2017-01-24 01:48:01.230] TopicController createTopic - createTopic Request:Topic [subject=null, concepts=null, topicProblemMappings=null, toString()=AbstractEntity [id=null, name=Chemical Bonding, state=null, creationDate=null, createdBy=1234, lastUpdatedDate=null, lastUpdatedBy=1234]]
[INFO] [2017-01-24 01:50:37.942] TopicController createTopic - createTopic Request:Topic [subject=null, concepts=null, topicProblemMappings=null, toString()=AbstractEntity [id=null, name=Chemical Bonding, state=null, creationDate=null, createdBy=1234, lastUpdatedDate=null, lastUpdatedBy=1234]]
[INFO] [2017-01-24 01:50:42.165] TopicController createTopic - createTopic Response:Topic [subject=null, concepts=null, topicProblemMappings=null, toString()=AbstractEntity [id=null, name=Chemical Bonding, state=null, creationDate=null, createdBy=1234, lastUpdatedDate=null, lastUpdatedBy=1234]]
[INFO] [2017-01-24 01:50:57.817] TopicController createTopic - createTopic Request:Topic [subject=null, concepts=null, topicProblemMappings=null, toString()=AbstractEntity [id=null, name=Chemical Bonding, state=null, creationDate=null, createdBy=1234, lastUpdatedDate=null, lastUpdatedBy=1234]]
[INFO] [2017-01-24 01:51:07.251] TopicController createTopic - createTopic Response:Topic [subject=null, concepts=null, topicProblemMappings=null, toString()=AbstractEntity [id=null, name=Chemical Bonding, state=null, creationDate=null, createdBy=1234, lastUpdatedDate=null, lastUpdatedBy=1234]]
[INFO] [2017-01-24 01:54:09.060] ConfigUtils <init> - Config Utils started
[INFO] [2017-01-24 01:54:09.062] ConfigUtils <init> - log factory initialized
[INFO] [2017-01-24 01:54:10.924] ConfigUtils <init> - Config Utils started
[INFO] [2017-01-24 01:54:10.925] ConfigUtils <init> - log factory initialized
[INFO] [2017-01-24 01:54:14.101] ConfigUtils <init> - /ENV-LOCAL/log.xml
[INFO] [2017-01-24 01:54:14.102] ConfigUtils <init> - Logging Enabled
[INFO] [2017-01-24 01:54:14.107] SqlSessionFactory <init> - initializing Sql Session Factory
[INFO] [2017-01-24 01:54:14.108] ConfigUtils <init> - Config Utils started
[INFO] [2017-01-24 01:54:14.280] Version logVersion - HHH000412: Hibernate Core {5.1.0.Final}
[INFO] [2017-01-24 01:54:14.284] Environment <clinit> - HHH000206: hibernate.properties not found
[INFO] [2017-01-24 01:54:14.286] Environment buildBytecodeProvider - HHH000021: Bytecode provider name : javassist
[INFO] [2017-01-24 01:54:15.246] Version <clinit> - HCANN000001: Hibernate Commons Annotations {5.0.1.Final}
[INFO] [2017-01-24 01:54:15.406] C3P0ConnectionProvider configure - HHH010002: C3P0 using driver: com.mysql.jdbc.Driver at URL: jdbc:mysql://localhost:3306/vedtest?autoReconnect=true
[INFO] [2017-01-24 01:54:15.409] C3P0ConnectionProvider configure - HHH10001001: Connection properties: {user=root, password=****}
[INFO] [2017-01-24 01:54:15.412] C3P0ConnectionProvider configure - HHH10001003: Autocommit mode: false
[INFO] [2017-01-24 01:54:15.945] ConfigUtils <init> - /ENV-LOCAL/log.xml
[INFO] [2017-01-24 01:55:02.377] ConfigUtils <init> - Config Utils started
[INFO] [2017-01-24 01:55:02.381] ConfigUtils <init> - log factory initialized
[INFO] [2017-01-24 01:55:07.413] ConfigUtils <init> - /ENV-LOCAL/log.xml
[INFO] [2017-01-24 01:55:07.414] ConfigUtils <init> - Logging Enabled
[INFO] [2017-01-24 01:55:07.420] SqlSessionFactory <init> - initializing Sql Session Factory
[INFO] [2017-01-24 01:55:07.421] ConfigUtils <init> - Config Utils started
[INFO] [2017-01-24 01:55:07.598] Version logVersion - HHH000412: Hibernate Core {5.1.0.Final}
[INFO] [2017-01-24 01:55:07.602] Environment <clinit> - HHH000206: hibernate.properties not found
[INFO] [2017-01-24 01:55:07.612] Environment buildBytecodeProvider - HHH000021: Bytecode provider name : javassist
[INFO] [2017-01-24 01:55:08.153] Version <clinit> - HCANN000001: Hibernate Commons Annotations {5.0.1.Final}
[INFO] [2017-01-24 01:55:08.326] C3P0ConnectionProvider configure - HHH010002: C3P0 using driver: com.mysql.jdbc.Driver at URL: jdbc:mysql://localhost:3306/vedtest?autoReconnect=true
[INFO] [2017-01-24 01:55:08.327] C3P0ConnectionProvider configure - HHH10001001: Connection properties: {user=root, password=****}
[INFO] [2017-01-24 01:55:08.328] C3P0ConnectionProvider configure - HHH10001003: Autocommit mode: false
[INFO] [2017-01-24 01:55:13.499] C3P0ConnectionProvider configure - HHH10001007: JDBC isolation level: <unknown>
[INFO] [2017-01-24 01:55:13.896] Dialect <init> - HHH000400: Using dialect: org.hibernate.dialect.MySQL5InnoDBDialect
[INFO] [2017-01-24 01:55:13.948] LobCreatorBuilderImpl useContextualLobCreation - HHH000423: Disabling contextual LOB creation as JDBC driver reported JDBC version [3] less than 4
[INFO] [2017-01-24 01:55:18.475] ConfigUtils <init> - Config Utils started
[INFO] [2017-01-24 01:55:55.882] TopicController createTopic - createTopic Request:Topic [subject=null, concepts=null, topicProblemMappings=null, toString()=AbstractEntity [id=null, name=Chemical Bonding, state=null, creationDate=null, createdBy=1234, lastUpdatedDate=null, lastUpdatedBy=1234]]
[INFO] [2017-01-24 02:09:05.844] ConfigUtils <init> - Config Utils started
[INFO] [2017-01-24 02:09:05.845] ConfigUtils <init> - log factory initialized
[INFO] [2017-01-24 02:09:10.870] ConfigUtils <init> - /ENV-LOCAL/log.xml
[INFO] [2017-01-24 02:09:10.871] ConfigUtils <init> - Logging Enabled
[INFO] [2017-01-24 02:09:10.881] SqlSessionFactory <init> - initializing Sql Session Factory
[INFO] [2017-01-24 02:09:10.883] ConfigUtils <init> - Config Utils started
[INFO] [2017-01-24 02:09:11.530] Version logVersion - HHH000412: Hibernate Core {5.1.0.Final}
[INFO] [2017-01-24 02:09:11.535] Environment <clinit> - HHH000206: hibernate.properties not found
[INFO] [2017-01-24 02:09:11.537] Environment buildBytecodeProvider - HHH000021: Bytecode provider name : javassist
[INFO] [2017-01-24 02:09:12.360] Version <clinit> - HCANN000001: Hibernate Commons Annotations {5.0.1.Final}
[INFO] [2017-01-24 02:09:12.569] C3P0ConnectionProvider configure - HHH010002: C3P0 using driver: com.mysql.jdbc.Driver at URL: jdbc:mysql://localhost:3306/vedtest?autoReconnect=true
[INFO] [2017-01-24 02:09:12.570] C3P0ConnectionProvider configure - HHH10001001: Connection properties: {user=root, password=****}
[INFO] [2017-01-24 02:09:12.572] C3P0ConnectionProvider configure - HHH10001003: Autocommit mode: false
[INFO] [2017-01-24 02:09:17.786] C3P0ConnectionProvider configure - HHH10001007: JDBC isolation level: <unknown>
[INFO] [2017-01-24 02:09:18.176] Dialect <init> - HHH000400: Using dialect: org.hibernate.dialect.MySQL5InnoDBDialect
[INFO] [2017-01-24 02:09:18.227] LobCreatorBuilderImpl useContextualLobCreation - HHH000423: Disabling contextual LOB creation as JDBC driver reported JDBC version [3] less than 4
[INFO] [2017-01-24 02:09:24.297] ConfigUtils <init> - Config Utils started
[INFO] [2017-01-24 02:10:31.940] TopicController createTopic - createTopic Request:Topic [subject=null, concepts=null, topicProblemMappings=null, toString()=AbstractEntity [id=null, name=Chemical Bonding, state=null, creationDate=null, createdBy=1234, lastUpdatedDate=null, lastUpdatedBy=1234]]
[INFO] [2017-01-24 02:11:01.556] TopicController createTopic - createTopic Response:Topic [subject=null, concepts=null, topicProblemMappings=null, toString()=AbstractEntity [id=484, name=Chemical Bonding, state=null, creationDate=null, createdBy=1234, lastUpdatedDate=null, lastUpdatedBy=1234]]
[INFO] [2017-01-24 02:22:01.711] ConfigUtils <init> - Config Utils started
[INFO] [2017-01-24 02:22:01.713] ConfigUtils <init> - log factory initialized
[INFO] [2017-01-24 02:22:06.730] ConfigUtils <init> - /ENV-LOCAL/log.xml
[INFO] [2017-01-24 02:22:06.731] ConfigUtils <init> - Logging Enabled
[INFO] [2017-01-24 02:22:06.735] SqlSessionFactory <init> - initializing Sql Session Factory
[INFO] [2017-01-24 02:22:06.736] ConfigUtils <init> - Config Utils started
[INFO] [2017-01-24 02:22:06.893] Version logVersion - HHH000412: Hibernate Core {5.1.0.Final}
[INFO] [2017-01-24 02:22:06.898] Environment <clinit> - HHH000206: hibernate.properties not found
[INFO] [2017-01-24 02:22:06.900] Environment buildBytecodeProvider - HHH000021: Bytecode provider name : javassist
[INFO] [2017-01-24 02:22:07.268] Version <clinit> - HCANN000001: Hibernate Commons Annotations {5.0.1.Final}
[INFO] [2017-01-24 02:22:07.469] C3P0ConnectionProvider configure - HHH010002: C3P0 using driver: com.mysql.jdbc.Driver at URL: jdbc:mysql://localhost:3306/vedtest?autoReconnect=true
[INFO] [2017-01-24 02:22:07.471] C3P0ConnectionProvider configure - HHH10001001: Connection properties: {user=root, password=****}
[INFO] [2017-01-24 02:22:07.472] C3P0ConnectionProvider configure - HHH10001003: Autocommit mode: false
[INFO] [2017-01-24 02:22:12.611] C3P0ConnectionProvider configure - HHH10001007: JDBC isolation level: <unknown>
[INFO] [2017-01-24 02:22:12.962] Dialect <init> - HHH000400: Using dialect: org.hibernate.dialect.MySQL5InnoDBDialect
[INFO] [2017-01-24 02:22:13.012] LobCreatorBuilderImpl useContextualLobCreation - HHH000423: Disabling contextual LOB creation as JDBC driver reported JDBC version [3] less than 4
[INFO] [2017-01-24 02:22:16.417] ConfigUtils <init> - Config Utils started
[INFO] [2017-01-24 02:22:29.934] TopicController createTopic - createTopic Request:Topic [subject=null, concepts=null, topicProblemMappings=null, toString()=AbstractEntity [id=null, name=Chemical Bonding2, state=null, creationDate=null, createdBy=1234, lastUpdatedDate=null, lastUpdatedBy=1234]]
[INFO] [2017-01-24 02:22:30.232] TopicController createTopic - createTopic Response:Topic [subject=null, concepts=null, topicProblemMappings=null, toString()=AbstractEntity [id=485, name=Chemical Bonding2, state=ACTIVE, creationDate=Tue Jan 24 02:22:30 IST 2017, createdBy=1234, lastUpdatedDate=Tue Jan 24 02:22:30 IST 2017, lastUpdatedBy=1234]]
