[INFO] [2017-01-16 01:54:01.698] ConfigUtils <init> - Config Utils started
[INFO] [2017-01-16 01:54:01.699] ConfigUtils <init> - log factory initialized
[INFO] [2017-01-16 01:54:06.726] ConfigUtils <init> - /ENV-LOCAL/log.xml
[INFO] [2017-01-16 01:54:06.727] ConfigUtils <init> - Logging Enabled
[INFO] [2017-01-16 01:54:06.730] SqlSessionFactory <init> - initializing Sql Session Factory
[INFO] [2017-01-16 01:54:06.731] ConfigUtils <init> - Config Utils started
[INFO] [2017-01-16 01:54:06.917] Version logVersion - HHH000412: Hibernate Core {5.1.0.Final}
[INFO] [2017-01-16 01:54:06.920] Environment <clinit> - HHH000206: hibernate.properties not found
[INFO] [2017-01-16 01:54:06.923] Environment buildBytecodeProvider - HHH000021: Bytecode provider name : javassist
[INFO] [2017-01-16 01:54:07.260] Version <clinit> - HCANN000001: Hibernate Commons Annotations {5.0.1.Final}
[INFO] [2017-01-16 01:54:07.457] C3P0ConnectionProvider configure - HHH010002: C3P0 using driver: com.mysql.jdbc.Driver at URL: jdbc:mysql://localhost:3306/vedtest?autoReconnect=true
[INFO] [2017-01-16 01:54:07.458] C3P0ConnectionProvider configure - HHH10001001: Connection properties: {user=root, password=****}
[INFO] [2017-01-16 01:54:07.459] C3P0ConnectionProvider configure - HHH10001003: Autocommit mode: false
[INFO] [2017-01-16 01:54:12.635] C3P0ConnectionProvider configure - HHH10001007: JDBC isolation level: <unknown>
[INFO] [2017-01-16 01:54:12.976] Dialect <init> - HHH000400: Using dialect: org.hibernate.dialect.MySQL5InnoDBDialect
[INFO] [2017-01-16 01:54:13.032] LobCreatorBuilderImpl useContextualLobCreation - HHH000423: Disabling contextual LOB creation as JDBC driver reported JDBC version [3] less than 4
[INFO] [2017-01-16 01:54:16.258] InformationExtractorJdbcDatabaseMetaDataImpl processGetTableResults - HHH000262: Table not found: TopicProblemMapping
[INFO] [2017-01-16 01:54:16.260] InformationExtractorJdbcDatabaseMetaDataImpl processGetTableResults - HHH000262: Table not found: TopicProblemMapping
[INFO] [2017-01-16 01:54:16.566] ConfigUtils <init> - Config Utils started
[INFO] [2017-01-16 01:59:28.205] ConfigUtils <init> - Config Utils started
[INFO] [2017-01-16 01:59:28.206] ConfigUtils <init> - log factory initialized
[INFO] [2017-01-16 01:59:33.238] ConfigUtils <init> - /ENV-LOCAL/log.xml
[INFO] [2017-01-16 01:59:33.238] ConfigUtils <init> - Logging Enabled
[INFO] [2017-01-16 01:59:33.243] SqlSessionFactory <init> - initializing Sql Session Factory
[INFO] [2017-01-16 01:59:33.244] ConfigUtils <init> - Config Utils started
[INFO] [2017-01-16 01:59:33.463] Version logVersion - HHH000412: Hibernate Core {5.1.0.Final}
[INFO] [2017-01-16 01:59:33.466] Environment <clinit> - HHH000206: hibernate.properties not found
[INFO] [2017-01-16 01:59:33.468] Environment buildBytecodeProvider - HHH000021: Bytecode provider name : javassist
[INFO] [2017-01-16 01:59:33.973] Version <clinit> - HCANN000001: Hibernate Commons Annotations {5.0.1.Final}
[INFO] [2017-01-16 01:59:34.143] C3P0ConnectionProvider configure - HHH010002: C3P0 using driver: com.mysql.jdbc.Driver at URL: jdbc:mysql://localhost:3306/vedtest?autoReconnect=true
[INFO] [2017-01-16 01:59:34.145] C3P0ConnectionProvider configure - HHH10001001: Connection properties: {user=root, password=****}
[INFO] [2017-01-16 01:59:34.146] C3P0ConnectionProvider configure - HHH10001003: Autocommit mode: false
[INFO] [2017-01-16 01:59:39.283] C3P0ConnectionProvider configure - HHH10001007: JDBC isolation level: <unknown>
[INFO] [2017-01-16 01:59:39.631] Dialect <init> - HHH000400: Using dialect: org.hibernate.dialect.MySQL5InnoDBDialect
[INFO] [2017-01-16 01:59:39.686] LobCreatorBuilderImpl useContextualLobCreation - HHH000423: Disabling contextual LOB creation as JDBC driver reported JDBC version [3] less than 4
[INFO] [2017-01-16 01:59:43.734] ConfigUtils <init> - Config Utils started
[INFO] [2017-01-16 02:18:16.167] SubjectController getSubjects - Request received for Subjects by TeacherId and StudentId
[INFO] [2017-01-16 02:18:16.357] SubjectController getSubjects - Response:[]
[INFO] [2017-01-16 02:18:28.285] SubjectController getSubject - Request received for getting Subject for db_id: 1
[INFO] [2017-01-16 02:21:01.239] ConfigUtils <init> - Config Utils started
[INFO] [2017-01-16 02:21:01.241] ConfigUtils <init> - log factory initialized
[INFO] [2017-01-16 02:21:06.273] ConfigUtils <init> - /ENV-LOCAL/log.xml
[INFO] [2017-01-16 02:21:06.273] ConfigUtils <init> - Logging Enabled
[INFO] [2017-01-16 02:21:06.278] SqlSessionFactory <init> - initializing Sql Session Factory
[INFO] [2017-01-16 02:21:06.279] ConfigUtils <init> - Config Utils started
[INFO] [2017-01-16 02:21:06.474] Version logVersion - HHH000412: Hibernate Core {5.1.0.Final}
[INFO] [2017-01-16 02:21:06.481] Environment <clinit> - HHH000206: hibernate.properties not found
[INFO] [2017-01-16 02:21:06.484] Environment buildBytecodeProvider - HHH000021: Bytecode provider name : javassist
[INFO] [2017-01-16 02:21:06.867] Version <clinit> - HCANN000001: Hibernate Commons Annotations {5.0.1.Final}
[INFO] [2017-01-16 02:21:07.057] C3P0ConnectionProvider configure - HHH010002: C3P0 using driver: com.mysql.jdbc.Driver at URL: jdbc:mysql://localhost:3306/vedtest?autoReconnect=true
[INFO] [2017-01-16 02:21:07.057] C3P0ConnectionProvider configure - HHH10001001: Connection properties: {user=root, password=****}
[INFO] [2017-01-16 02:21:07.058] C3P0ConnectionProvider configure - HHH10001003: Autocommit mode: false
[INFO] [2017-01-16 02:21:12.191] C3P0ConnectionProvider configure - HHH10001007: JDBC isolation level: <unknown>
[INFO] [2017-01-16 02:21:12.522] Dialect <init> - HHH000400: Using dialect: org.hibernate.dialect.MySQL5InnoDBDialect
[INFO] [2017-01-16 02:21:12.579] LobCreatorBuilderImpl useContextualLobCreation - HHH000423: Disabling contextual LOB creation as JDBC driver reported JDBC version [3] less than 4
[INFO] [2017-01-16 02:21:16.095] ConfigUtils <init> - Config Utils started
[INFO] [2017-01-16 02:21:52.829] SubjectController getSubjects - Request received for Subjects by TeacherId and StudentId
[INFO] [2017-01-16 02:21:52.960] SubjectController getSubjects - Response:[]
[INFO] [2017-01-16 02:22:35.757] SubjectController createSubject - createSubject Request:AbstractEntity [id=null, name=Chemistry, state=null, creationDate=Mon Jan 16 02:21:44 IST 2017, createdBy=0, lastUpdatedDate=Mon Jan 16 02:21:44 IST 2017, lastUpdatedBy=0]
[INFO] [2017-01-16 02:22:35.859] SubjectController createSubject - createSubject Response:AbstractEntity [id=483, name=Chemistry, state=ACTIVE, creationDate=Mon Jan 16 02:22:35 IST 2017, createdBy=0, lastUpdatedDate=Mon Jan 16 02:22:35 IST 2017, lastUpdatedBy=0]
[INFO] [2017-01-16 02:22:49.165] SubjectController getSubjects - Request received for Subjects by TeacherId and StudentId
[INFO] [2017-01-16 02:22:49.201] SubjectController getSubjects - Response:[AbstractEntity [id=483, name=Chemistry, state=ACTIVE, creationDate=2017-01-16 02:22:35.0, createdBy=0, lastUpdatedDate=2017-01-16 02:22:35.0, lastUpdatedBy=0]]
[INFO] [2017-01-16 02:22:59.601] SubjectController getSubject - Request received for getting Subject for db_id: 483
[INFO] [2017-01-16 02:22:59.616] SubjectController getSubject - getSubject Response:AbstractEntity [id=483, name=Chemistry, state=ACTIVE, creationDate=2017-01-16 02:22:35.0, createdBy=0, lastUpdatedDate=2017-01-16 02:22:35.0, lastUpdatedBy=0]
[INFO] [2017-01-16 02:23:32.830] SubjectController updateSubject - updateSubject Request:AbstractEntity [id=483, name=null, state=VERIFIED, creationDate=Mon Jan 16 02:21:44 IST 2017, createdBy=0, lastUpdatedDate=Mon Jan 16 02:21:44 IST 2017, lastUpdatedBy=0]
[INFO] [2017-01-16 02:23:32.878] SubjectController updateSubject - updateSubject Response:AbstractEntity [id=483, name=Chemistry, state=VERIFIED, creationDate=2017-01-16 02:22:35.0, createdBy=0, lastUpdatedDate=Mon Jan 16 02:23:32 IST 2017, lastUpdatedBy=0]
[INFO] [2017-01-16 02:23:46.238] SubjectController getSubjects - Request received for Subjects by TeacherId and StudentId
[INFO] [2017-01-16 02:23:46.251] SubjectController getSubjects - Response:[AbstractEntity [id=483, name=Chemistry, state=VERIFIED, creationDate=2017-01-16 02:22:35.0, createdBy=0, lastUpdatedDate=2017-01-16 02:23:32.0, lastUpdatedBy=0]]
